0 info it worked if it ends with ok
1 verbose cli [ 'node', '/usr/local/bin/npm', 'install', '-g', 'phantomjs.' ]
2 info using npm@1.4.28
3 info using node@v0.10.32
4 verbose cache add [ 'phantomjs.', null ]
5 verbose cache add name=undefined spec="phantomjs." args=["phantomjs.",null]
6 verbose parsed url { protocol: null,
6 verbose parsed url   slashes: null,
6 verbose parsed url   auth: null,
6 verbose parsed url   host: null,
6 verbose parsed url   port: null,
6 verbose parsed url   hostname: null,
6 verbose parsed url   hash: null,
6 verbose parsed url   search: null,
6 verbose parsed url   query: null,
6 verbose parsed url   pathname: 'phantomjs.',
6 verbose parsed url   path: 'phantomjs.',
6 verbose parsed url   href: 'phantomjs.' }
7 silly lockFile 49e7f58f-phantomjs phantomjs.
8 verbose lock phantomjs. /Users/leeblazek/.npm/49e7f58f-phantomjs.lock
9 silly lockFile 49e7f58f-phantomjs phantomjs.
10 silly lockFile 49e7f58f-phantomjs phantomjs.
11 verbose addNamed [ 'phantomjs.', '' ]
12 verbose addNamed [ null, '*' ]
13 silly lockFile e3f5d18e-phantomjs phantomjs.@
14 verbose lock phantomjs.@ /Users/leeblazek/.npm/e3f5d18e-phantomjs.lock
15 silly addNameRange { name: 'phantomjs.', range: '*', hasData: false }
16 verbose request where is /phantomjs.
17 verbose request registry https://registry.npmjs.org/
18 verbose request id 4ee52dfd51a487d1
19 verbose url raw /phantomjs.
20 verbose url resolving [ 'https://registry.npmjs.org/', './phantomjs.' ]
21 verbose url resolved https://registry.npmjs.org/phantomjs.
22 verbose request where is https://registry.npmjs.org/phantomjs.
23 info trying registry request attempt 1 at 21:43:21
24 http GET https://registry.npmjs.org/phantomjs.
25 http 404 https://registry.npmjs.org/phantomjs.
26 verbose headers { date: 'Fri, 24 Oct 2014 03:43:22 GMT',
26 verbose headers   server: 'CouchDB/1.5.0 (Erlang OTP/R16B03)',
26 verbose headers   'content-type': 'application/json',
26 verbose headers   'cache-control': 'max-age=0',
26 verbose headers   'content-length': '52',
26 verbose headers   'accept-ranges': 'bytes',
26 verbose headers   via: '1.1 varnish',
26 verbose headers   age: '0',
26 verbose headers   'x-served-by': 'cache-sjc3131-SJC',
26 verbose headers   'x-cache': 'MISS',
26 verbose headers   'x-cache-hits': '0',
26 verbose headers   'x-timer': 'S1414122201.876341,VS0,VE353',
26 verbose headers   'keep-alive': 'timeout=10, max=50',
26 verbose headers   connection: 'Keep-Alive' }
27 silly registry.get cb [ 404,
27 silly registry.get   { date: 'Fri, 24 Oct 2014 03:43:22 GMT',
27 silly registry.get     server: 'CouchDB/1.5.0 (Erlang OTP/R16B03)',
27 silly registry.get     'content-type': 'application/json',
27 silly registry.get     'cache-control': 'max-age=0',
27 silly registry.get     'content-length': '52',
27 silly registry.get     'accept-ranges': 'bytes',
27 silly registry.get     via: '1.1 varnish',
27 silly registry.get     age: '0',
27 silly registry.get     'x-served-by': 'cache-sjc3131-SJC',
27 silly registry.get     'x-cache': 'MISS',
27 silly registry.get     'x-cache-hits': '0',
27 silly registry.get     'x-timer': 'S1414122201.876341,VS0,VE353',
27 silly registry.get     'keep-alive': 'timeout=10, max=50',
27 silly registry.get     connection: 'Keep-Alive' } ]
28 silly lockFile e3f5d18e-phantomjs phantomjs.@
29 silly lockFile e3f5d18e-phantomjs phantomjs.@
30 error 404 404 Not Found: phantomjs.
30 error 404
30 error 404 'phantomjs.' is not in the npm registry.
30 error 404 You should bug the author to publish it
30 error 404
30 error 404 Note that you can also install from a
30 error 404 tarball, folder, or http url, or git url.
31 error System Darwin 13.4.0
32 error command "node" "/usr/local/bin/npm" "install" "-g" "phantomjs."
33 error cwd /Users/leeblazek/Sites/famous-angular-starter-master
34 error node -v v0.10.32
35 error npm -v 1.4.28
36 error code E404
37 verbose exit [ 1, true ]
